41.549
41.549
54.225
41.549
54.225
54.225
41.549
41.549
54.225
54.225
41.549
54.225
54.225
54.225
41.549
41.549
60.563
41.549
54.225
41.549
54.225
54.225
54.225
54.225
41.549
41.549
41.549
41.549
41.549
54.225
54.225
54.225
41.549
54.225
41.549
54.225
41.549
54.225
54.225
54.225
54.225
41.549
41.549
41.549
41.549
54.225
54.225
54.225
54.225
54.225
41.549
54.225
41.549
54.225
41.549
41.549
41.549
41.549
49.296
41.549
54.225
41.549
41.549
54.225
41.549
54.225
54.225
41.549
54.225
54.225
54.225
54.225
54.225
41.549
54.225
54.225
41.549
54.225
54.225
41.549
41.549
54.225
54.225
54.225
54.225
54.225
54.225
41.549
41.549
41.549
41.549
41.549
41.549
54.225
54.225
54.225
41.549
54.225
41.549
41.549
Start Time = 21:54:12
End Time = 22:21:57
