54.225
41.549
54.225
41.549
41.549
54.225
54.225
41.549
41.549
41.549
41.549
41.549
41.549
41.549
41.549
54.225
41.549
41.549
54.225
41.549
41.549
42.958
41.549
41.549
54.225
41.549
41.549
54.225
54.225
54.225
41.549
54.225
41.549
41.549
41.549
54.225
41.549
54.225
41.549
54.225
41.549
54.225
41.549
60.563
54.225
41.549
41.549
30.282
41.549
41.549
54.225
41.549
41.549
41.549
41.549
54.225
41.549
54.225
54.225
41.549
54.225
54.225
54.225
41.549
60.563
54.225
54.225
35.211
54.225
41.549
54.225
54.225
41.549
54.225
41.549
54.225
54.225
41.549
41.549
41.549
