41.549
54.225
54.225
54.225
41.549
54.225
54.225
54.225
41.549
41.549
41.549
41.549
41.549
54.225
54.225
41.549
54.225
41.549
54.225
54.225
54.225
60.563
49.296
54.225
54.225
54.225
30.986
54.225
41.549
54.225
41.549
41.549
54.225
41.549
54.225
54.225
41.549
41.549
54.225
54.225
54.225
41.549
41.549
54.225
54.225
54.225
41.549
54.225
41.549
54.225
54.225
54.225
54.225
41.549
54.225
35.211
54.225
41.549
47.183
41.549
54.225
54.225
54.225
54.225
54.225
54.225
35.211
54.225
41.549
54.225
54.225
54.225
54.225
54.225
54.225
41.549
41.549
54.225
54.225
54.225
41.549
54.225
54.225
54.225
54.225
54.225
41.549
54.225
49.296
54.225
54.225
54.225
41.549
54.225
35.211
54.225
41.549
41.549
41.549
54.225
Start Time = 21:52:18
End Time = 21:57:51
