54.225
54.225
54.225
41.549
54.225
54.225
54.225
54.225
54.225
54.225
54.225
54.225
41.549
41.549
54.225
54.225
54.225
54.225
54.225
54.225
54.225
54.225
54.225
54.225
54.225
61.268
54.225
54.225
54.225
54.225
54.225
54.225
54.225
54.225
54.225
30.282
54.225
54.225
54.225
60.563
54.225
54.225
54.225
54.225
50.704
54.225
54.225
54.225
54.225
54.225
54.225
54.225
54.225
54.225
54.225
54.225
54.225
54.225
54.225
54.225
54.225
54.225
41.549
41.549
54.225
54.225
41.549
54.225
54.225
54.225
54.225
54.225
41.549
54.225
54.225
54.225
54.225
54.225
54.225
54.225
54.225
54.225
54.225
54.225
54.225
54.225
54.225
54.225
54.225
54.225
54.225
54.225
54.225
54.225
54.225
54.225
54.225
54.225
41.549
54.225
