54.225
54.225
41.549
54.225
41.549
54.225
54.225
54.225
54.225
54.225
54.225
54.225
41.549
41.549
54.225
54.225
41.549
54.225
54.225
60.563
54.225
54.225
54.225
54.225
54.225
54.225
54.225
41.549
54.225
54.225
54.225
54.225
54.225
41.549
41.549
54.225
41.549
54.225
54.225
54.225
41.549
54.225
54.225
54.225
54.225
54.225
54.225
54.225
54.225
54.225
54.225
41.549
54.225
54.225
41.549
54.225
54.225
54.225
54.225
54.225
54.225
54.225
54.225
54.225
54.225
41.549
54.225
54.225
54.225
54.225
54.225
54.225
41.549
54.225
54.225
54.225
54.225
54.225
54.225
54.225
54.225
54.225
54.225
41.549
54.225
54.225
54.225
54.225
54.225
54.225
54.225
35.915
54.225
54.225
54.225
41.549
60.563
54.225
54.225
41.549
Start Time = 21:44:41
End Time = 21:52:14
