54.225
41.549
54.225
41.549
54.225
41.549
54.225
41.549
60.563
54.225
41.549
54.225
41.549
41.549
41.549
41.549
41.549
54.225
54.225
54.225
41.549
41.549
54.225
41.549
60.563
41.549
54.225
41.549
41.549
41.549
41.549
41.549
54.225
54.225
41.549
54.225
54.225
54.225
41.549
54.225
54.225
54.225
54.225
54.225
41.549
54.225
41.549
54.225
54.225
41.549
54.225
41.549
54.225
54.225
54.225
41.549
41.549
54.225
41.549
54.225
59.155
41.549
41.549
41.549
41.549
54.225
41.549
54.225
54.225
41.549
41.549
54.225
41.549
54.225
54.225
54.225
54.225
41.549
54.225
54.225
41.549
54.225
54.225
41.549
54.225
41.549
41.549
54.225
41.549
41.549
41.549
54.225
