41.549
41.549
54.225
41.549
41.549
41.549
54.225
41.549
41.549
32.394
54.225
41.549
54.225
41.549
41.549
54.225
54.225
54.225
54.225
41.549
41.549
54.225
41.549
41.549
54.225
41.549
54.225
41.549
41.549
54.225
41.549
54.225
41.549
41.549
41.549
41.549
41.549
41.549
54.225
54.225
41.549
54.225
41.549
54.225
41.549
41.549
41.549
54.225
41.549
49.296
54.225
41.549
41.549
41.549
41.549
32.394
54.225
54.225
54.225
41.549
54.225
49.296
54.225
54.225
54.225
54.225
54.225
54.225
54.225
32.394
54.225
54.225
54.225
54.225
54.225
41.549
54.225
41.549
41.549
41.549
54.225
41.549
41.549
41.549
54.225
41.549
54.225
41.549
41.549
41.549
54.225
54.225
54.225
54.225
54.225
41.549
41.549
41.549
54.225
41.549
Start Time = 23:37:03
End Time = 23:43:54
