54.225
41.549
54.225
34.507
41.549
54.225
54.225
41.549
54.225
54.225
54.225
54.225
41.549
41.549
41.549
41.549
54.225
41.549
54.225
54.225
54.225
41.549
54.225
54.225
54.225
41.549
41.549
54.225
55.634
41.549
41.549
54.225
41.549
54.225
41.549
41.549
41.549
41.549
41.549
54.225
41.549
41.549
54.225
54.225
41.549
54.225
41.549
54.225
54.225
54.225
54.225
41.549
55.634
54.225
41.549
41.549
41.549
54.225
54.225
54.225
54.225
41.549
54.225
41.549
54.225
54.225
54.225
54.225
41.549
41.549
41.549
54.225
41.549
54.225
54.225
54.225
54.225
41.549
54.225
54.225
41.549
54.225
54.225
41.549
54.225
41.549
41.549
60.563
41.549
41.549
41.549
41.549
54.225
41.549
54.225
41.549
41.549
41.549
41.549
41.549
Start Time = 23:37:13
End Time = 23:43:15
