54.225
41.549
41.549
41.549
54.225
41.549
56.338
41.549
54.225
55.634
54.225
53.521
41.549
41.549
54.225
41.549
54.225
41.549
54.225
54.225
54.225
54.225
41.549
54.225
54.225
41.549
41.549
41.549
54.225
54.225
41.549
41.549
54.225
54.225
41.549
54.225
54.225
41.549
54.225
41.549
41.549
54.225
54.225
54.225
41.549
41.549
41.549
54.225
53.521
54.225
41.549
41.549
54.225
54.225
41.549
41.549
41.549
54.225
54.225
54.225
54.225
41.549
54.225
41.549
54.225
54.225
41.549
54.225
54.225
54.225
43.662
54.225
41.549
54.225
41.549
54.225
54.225
